
121 9	813	22
121 10	199	252
122 9	818	9
122 10	199	252
123 9	821	14
123 10	196	255
124 9	816	11
124 10	196	255
125 9	814	21
125 10	195	248
126 26	2409	75
127 9	820	15
127 10	195	248
128 9	825	2
128 10	195	248
129 9	830	5
129 10	196	255
130 9	827	0
130 10	193	250
130 26	2409	75
131 9	829	6
131 10	194	249
132 9	831	4
132 10	194	249
133 9	828	7
133 10	190	133
134 9	831	4
134 10	192	251
136 9	834	121
136 10	195	248
137 9	835	120
137 10	195	248
138 9	833	122
138 10	192	251
139 9	832	123
139 10	194	249
140 9	831	4
140 10	195	248
140 26	2409	75
141 9	833	122
141 10	196	255
142 9	829	6
142 10	194	249
144 9	833	122
144 10	195	248
145 9	829	6
145 10	189	134
145 26	2409	75
146 9	830	5
146 10	190	133
147 9	835	120
147 10	194	249
148 9	840	115
148 10	195	248
149 9	836	127
149 10	196	255
150 9	831	4
150 10	197	254
151 26	2409	75
152 9	829	6
152 10	196	255
153 9	830	5
153 10	196	255
154 9	834	121
154 10	196	255
155 9	832	123
155 10	196	255
155 26	2409	75
156 9	835	120
156 10	197	254
157 9	833	122
157 10	198	253
158 9	833	122
158 10	199	252
160 9	830	5
160 10	197	254
160 26	2409	75
161 9	835	120
161 10	196	255
162 9	829	6
162 10	199	252
163 9	826	1
163 10	200	243
164 9	815	20
164 10	202	241
165 9	816	11
165 10	200	243
165 26	2409	75
167 9	825	2
167 10	198	253
168 9	829	6
168 10	195	248
169 9	835	120
169 10	192	251
170 9	845	118
170 10	192	251
170 26	2409	75
171 9	845	118
171 10	195	248
172 9	844	119
172 10	195	248
173 9	830	5
173 10	195	248
174 9	832	123
174 10	196	255
176 9	830	5
176 10	194	249
177 9	832	123
177 10	194	249
178 9	832	123
178 10	195	248
179 9	826	1
179 10	197	254
180 9	825	2
180 10	197	254
180 26	2409	75
181 9	823	12
181 10	196	255
182 9	821	14
182 10	193	250
183 9	830	5
184 10	193	250
185 9	836	127
185 10	194	249
185 26	2409	75
186 9	835	120
186 10	195	248
187 9	831	4
187 10	194	249
188 9	828	7
188 10	193	250
189 9	826	1
189 10	195	248
190 9	823	12
190 10	198	253
190 26	2409	75
192 9	821	14
192 10	200	243
193 9	821	14
193 10	199	252
194 9	824	3
194 10	197	254
195 9	827	0
195 10	195	248
195 26	2409	75
196 9	824	3
196 10	197	254
197 9	825	2
197 10	196	255
198 9	825	2
198 10	195	248
199 9	831	4
199 10	195	248
201 9	834	121
201 10	195	248
202 9	836	127
202 10	195	248
203 9	830	5
203 10	191	132
204 9	835	120
204 10	191	132
205 9	835	120
205 10	194	249
205 26	2409	75
206 9	838	125
206 10	195	248
207 9	831	4
207 10	195	248
208 9	826	1
209 10	194	249
210 9	823	12
210 10	195	248
210 26	2409	75
211 9	823	12
211 10	197	254
212 9	830	5
212 10	197	254
213 9	828	7
213 10	196	255
214 9	828	7
214 10	196	255
215 9	820	15
215 10	198	253
215 26	2409	75
217 9	821	14
217 10	197	254
218 9	828	7
218 10	197	254
219 9	824	3
219 10	196	255
220 9	830	5
220 10	198	253
220 26	2409	75
221 9	828	7
221 10	196	255
222 9	833	122
222 10	195	248
223 9	836	127
223 10	194	249
224 9	834	121
224 10	196	255
226 9	838	125
226 10	196	255
227 9	830	5
227 10	195	248
228 9	821	14
228 10	197	254
229 9	814	21
229 10	198	253
230 9	818	9
230 10	198	253
230 26	2409	75
231 9	813	22
231 10	193	250
26 9	759	205
26 10	209	234
27 9	763	193
27 10	209	234
28 9	758	204
28 10	212	239
29 9	747	209
29 10	212	239
30 9	743	221
30 10	214	237
30 26	2409	75
31 9	760	194
31 10	211	232
32 9	751	213
32 10	211	232
33 9	759	205
33 10	210	233
35 9	761	195
35 10	208	235
35 26	2409	75
36 9	768	59
36 10	209	234
37 9	766	196
37 10	209	234
38 9	762	192
38 10	210	233
39 9	756	206
39 10	209	234
40 9	755	201
40 10	208	235
40 26	2409	75
41 9	765	199
42 10	208	235
43 9	765	199
43 10	208	235
44 9	769	58
44 10	209	234
45 9	770	57
45 10	208	235
45 26	2409	75
46 9	767	197
46 10	207	244
47 9	773	62
47 10	206	245
48 9	773	62
48 10	205	246
49 9	766	196
49 10	204	247
50 9	759	205
51 10	205	246
52 9	763	193
52 10	204	247
53 9	769	58
53 10	203	240
54 9	778	49
54 10	203	240
55 9	770	57
55 10	203	240
55 26	2409	75
56 9	765	199
56 10	204	247
57 9	769	58
57 10	205	246Sat 21 Jan 2023 09:20:22 PM NZDT

Sat 21 Jan 2023 09:20:54 PM NZDT
/home/pi/IOT/documentation/bluetooth/zBT-Cap.log
Sat 21 Jan 2023 09:52:22 PM NZDT
Sun 22 Jan 2023 10:39:20 AM NZDT
√
7 0	0	49
0 9	716	246
0 10	233	210
0 26	2409	75
1 9	710	252
1 10	233	210
1 9	701	135
1 10	235	208
2 9	701	135
2 10	235	208¿√
7 0	0	49
0 9	703	133
0 10	234	209
0 26	2409	75
9 9	706	248
9 10	235	208
17 9	705	251
17 10	235	208
26 9	701	135
26 10	235	208
35 9	699	129
35 10	235	208
35 26	2409	75
43 9	702	132
43 10	235	208
52 9	702	132
52 10	235	208√
7 0	0	49
0 9	698	128
0 10	236	215
0 26	2409	75
1 9	698	128
1 10	236	215
2 9	698	128
2 10	236	215
4 9	700	134
4 10	236	215
5 9	703	133
5 10	236	215
5 26	2409	75
6 9	706	248
6 10	237	214
7 9	708	254
7 10	237	214
8 9	710	252
8 10	237	214
Wed 25 Jan 2023 09:45:32 AM NZDT

81 9	685	151
81 10	223	228
82 9	685	151
82 10	223	228
83 9	685	151
83 10	224	219
84 9	685	151
84 10	224	219
85 9	685	151
85 10	224	219
85 26	2409	75
87 9	685	151
87 10	224	219
88 9	685	151
88 10	224	219
89 9	685	151
89 10	224	219
90 9	685	151
90 10	225	218
90 26	2409	75
91 9	683	145
91 10	224	219
92 9	683	145
92 10	225	218
93 9	683	145
93 10	225	218
94 9	683	145
94 10	225	218
96 9	683	145
96 10	225	218
97 9	683	145
97 10	226	217
98 9	682	144
98 10	225	218
99 9	683	145
99 10	230	221
100 9	683	145
100 10	230	221
100 26	2409	75
101 9	682	144
101 10	229	222
102 9	680	146
102 10	228	223
103 9	679	157
103 10	228	223
105 9	677	159
105 10	228	223
105 26	2409	75
106 9	677	159
106 10	227	216
107 9	676	158
107 10	227	216
108 9	677	159
108 10	227	216
109 9	677	159
109 10	227	216
110 9	678	156
110 10	227	216
110 26	2409	75
112 9	678	156
112 10	226	217
113 9	677	159
113 10	226	217
114 9	678	156
114 10	225	218
115 9	678	156
115 10	226	217
115 26	2409	75
116 9	678	156
116 10	225	218
117 9	678	156
117 10	225	218
118 9	679	157
118 10	226	217
119 9	680	146
120 10	225	218
120 26	2409	75
121 9	680	146
121 10	226	217
122 9	680	146
122 10	225	218
123 9	679	157
123 10	225	218
124 9	679	157
124 10	225	218
125 9	679	157
125 10	226	217
125 26	2409	75
126 9	679	157
126 10	226	217
128 9	679	157
128 10	226	217
129 9	679	157
129 10	226	217
130 9	679	157
130 10	226	217
130 26	2409	75
131 9	679	157
131 10	226	217
132 9	679	157
132 10	226	217
133 9	678	156
133 10	226	217
134 9	679	157
134 10	226	217
136 9	679	157
136 10	226	217
137 9	678	156
137 10	225	218
138 9	679	157
138 10	225	218
139 9	679	157
139 10	225	218
140 9	680	146
140 10	225	218
140 26	2409	75
141 9	680	146
141 10	225	218
142 9	680	146
142 10	225	218
143 9	680	146
144 10	226	217
145 9	680	146
145 10	225	218
145 26	2409	75
146 9	680	146
146 10	226	217
147 9	680	146
147 10	225	218
148 9	680	146
148 10	225	218
149 9	680	146
149 10	225	218
150 9	680	146
150 10	226	217
151 26	2409	75
152 9	680	146
152 10	226	217
153 9	680	146
153 10	226	217
154 9	680	146
154 10	226	217
155 9	679	157
155 10	226	217
155 26	2409	75
156 9	679	157
156 10	226	217
157 9	678	156
157 10	226	217
158 9	678	156
158 10	226	217
160 9	678	156
160 10	227	216
160 26	2409	75
161 9	678	156
161 10	227	216
162 9	678	156
162 10	227	216
163 9	678	156
163 10	227	216
164 9	677	159
164 10	227	216
165 9	678	156
165 10	227	216
165 26	2409	75
166 9	678	156
167 10	227	216
168 9	678	156
168 10	227	216
169 9	678	156
169 10	227	216
170 9	678	156
170 10	227	216
170 26	2409	75
171 9	678	156
171 10	227	216
172 9	677	159
172 10	227	216
173 9	677	159
173 10	226	217
174 9	678	156
174 10	225	218
175 26	2409	75
176 9	678	156
176 10	225	218
177 9	679	157
177 10	225	218
178 9	681	147
178 10	225	218
179 9	681	147
179 10	225	218
180 9	680	146
180 10	225	218
180 26	2409	75
181 9	681	147
181 10	225	218
183 9	682	144
183 10	225	218
184 9	681	147
184 10	225	218
185 9	682	144
185 10	225	218
185 26	2409	75
186 9	682	144
186 10	225	218
187 9	682	144
187 10	225	218
188 9	682	144
188 10	225	218
189 9	682	144
189 10	225	218
190 9	683	145
191 10	225	218
192 9	682	144
192 10	225	218
193 9	682	144
193 10	225	218
194 9	683	145
194 10	225	218
195 9	682	144
195 10	225	218
195 26	2409	75
196 9	681	147
196 10	225	218
197 9	681	147
197 10	225	218
198 9	682	144
198 10	225	218
200 9	681	147
200 10	225	218
200 26	2409	75
201 9	680	146
201 10	224	219
202 9	681	147
202 10	225	218
203 9	681	147
203 10	225	218
204 9	681	147
204 10	225	218
205 9	681	147
205 10	225	218
205 26	2409	75
207 9	681	147
207 10	225	218
208 9	680	146
208 10	225	218
209 9	681	147
209 10	225	218
210 9	681	147
210 10	225	218
210 26	2409	75
211 9	681	147
211 10	226	217
212 9	681	147
212 10	225	218
213 9	680	146
213 10	225	218
214 9	681	147
215 10	225	218
215 26	2409	75
216 9	681	147
216 10	225	218
217 9	681	147
217 10	225	218
218 9	681	147
218 10	224	219
219 9	680	146
219 10	225	218
220 9	680	146
220 10	225	218
220 26	2409	75
221 9	680	146
221 10	225	218
223 9	680	146
223 10	225	218
224 9	680	146
224 10	225	218
225 9	680	146
225 10	224	219
225 26	2409	75
226 9	679	157
226 10	224	219
227 9	679	157
227 10	224	219
228 9	680	146
228 10	224	219
229 9	681	147
229 10	224	219
231 9	681	147
231 10	224	219
232 9	682	144
232 10	224	219
233 9	682	144
233 10	223	228
234 9	683	145
234 10	223	228
235 9	683	145
235 10	223	228
235 26	2409	75
236 9	682	144
236 10	224	219
237 9	683	145
237 10	224	219
238 9	682	144
239 10	224	219
240 9	683	145
240 10	224	219
240 26	2409	75
241 9	683	145
241 10	224	219
242 9	683	145
242 10	224	219
243 9	684	150
243 10	224	219
244 9	685	151
244 10	225	218
245 9	684	150
245 10	225	218
246 26	2409	75
247 9	684	150
247 10	224	219
248 9	684	150
248 10	225	218
249 9	683	145
249 10	224	219
250 9	684	150
250 10	225	218
250 26	2409	75
251 9	683	145
251 10	225	218
252 9	683	145
252 10	225	218
253 9	684	150
253 10	225	218
1 9	685	151
1 10	225	218
2 9	685	151
2 10	225	218
3 9	684	150
3 10	225	218
4 9	683	145
4 10	225	218
5 9	684	150
5 10	224	219
5 26	2409	75
6 9	684	150
6 10	225	218
7 9	684	150
7 10	225	218
8 9	684	150
8 10	225	218
9 9	685	151
10 10	225	218
10 26	2409	75
11 9	684	150
11 10	225	218
12 9	684	150
12 10	225	218
13 9	684	150
13 10	226	217
14 9	683	145
14 10	226	217
15 9	683	145
15 10	226	217
15 26	2409	75
16 9	683	145
16 10	227	216
17 9	683	145
18 10	227	216
19 9	683	145
19 10	227	216
20 9	681	147
20 10	226	217
20 26	2409	75
21 9	681	147
21 10	226	217
22 9	682	144
22 10	226	217
23 9	681	147
23 10	227	216
24 9	681	147
24 10	226	217
25 9	681	147
25 10	226	217
26 26	2409	75
27 9	681	147
27 10	227	216
28 9	681	147
28 10	226	217
29 9	681	147
29 10	227	216
30 9	681	147
30 10	227	216
30 26	2409	75
31 9	681	147
31 10	226	217
32 9	681	147
32 10	226	217
33 9	682	144
33 10	227	216
35 9	681	147
35 10	227	216
35 26	2409	75
36 9	681	147
36 10	227	216
37 9	681	147
37 10	227	216
38 9	681	147
38 10	227	216
39 9	681	147
39 10	227	216
40 9	681	147
40 10	227	216
40 26	2409	75
41 9	681	147
42 10	226	217
43 9	680	146
43 10	226	217
44 9	680	146
44 10	227	216
45 9	680	146
45 10	227	216
45 26	2409	75
46 9	681	147
46 10	227	216
47 9	681	147
47 10	227	216
48 9	681	147
48 10	227	216
49 9	681	147
49 10	227	216
51 9	681	147
51 10	227	216
52 9	681	147
52 10	227	216
53 9	681	147
53 10	227	216
54 9	681	147
54 10	227	216
55 9	680	146
55 10	227	216
55 26	2409	75
56 9	681	147
56 10	227	216
57 9	682	144
57 10	228	223
58 9	682	144
58 10	227	216
60 9	681	147
60 10	228	223
60 26	2409	75
61 9	681	147
61 10	228	223
62 9	680	146
62 10	228	223
63 9	680	146
63 10	227	216
64 9	680	146
64 10	227	216
65 9	680	146
65 10	228	223
65 26	2409	75
66 9	679	157
66 10	227	216
68 9	679	157
68 10	228	223
69 9	679	157
69 10	227	216
70 9	679	157
70 10	227	216
70 26	2409	75
71 9	679	157
71 10	227	216
72 9	679	157
72 10	227	216
73 9	680	146
73 10	227	216
74 9	680	146
74 10	228	223
75 9	679	157
76 10	228	223
77 9	680	146
77 10	228	223
78 9	679	157
78 10	227	216
79 9	679	157
79 10	227	216
80 9	679	157
80 10	227	216
80 26	2409	75
81 9	680	146
81 10	227	216
82 9	680	146
82 10	226	217
83 9	680	146
83 10	226	217
84 9	680	146
85 10	226	217
85 26	2409	75
86 9	681	147
86 10	225	218
87 9	681	147
87 10	225	218
88 9	681	147
88 10	225	218
89 9	682	144
89 10	226	217
90 9	683	145
90 10	226	217
90 26	2409	75
91 9	683	145
91 10	226	217
93 9	683	145
93 10	226	217
94 9	683	145
94 10	226	217
95 9	683	145
95 10	226	217
95 26	2409	75
96 9	683	145
96 10	226	217
97 9	684	150
97 10	226	217
98 9	683	145
98 10	226	217
99 9	683	145
99 10	225	218
100 9	683	145
100 10	226	217
101 26	2409	75
102 9	683	145
102 10	226	217
103 9	683	145
103 10	226	217
104 9	683	145
104 10	226	217
105 9	681	147
105 10	226	217
105 26	2409	75
106 9	682	144
106 10	226	217
107 9	682	144
107 10	226	217
109 9	683	145
109 10	226	217
110 9	683	145
110 10	226	217
110 26	2409	75
111 9	683	145
111 10	226	217
112 9	683	145
112 10	227	216
113 9	683	145
113 10	227	216
114 9	683	145
114 10	227	216
115 9	683	145
115 10	227	216
116 26	2409	75
117 9	682	144
117 10	228	223
118 9	682	144
118 10	228	223
119 9	681	147
119 10	229	222
120 9	680	146
120 10	228	223
120 26	2409	75
121 9	680	146
121 10	228	223
122 9	680	146
122 10	227	216
123 9	680	146
123 10	227	216
125 9	680	146
125 10	227	216
125 26	2409	75
126 9	681	147
126 10	226	217
127 9	681	147
127 10	226	217
128 9	681	147
128 10	226	217
129 9	682	144
129 10	226	217
130 9	683	145
130 10	225	218
130 26	2409	75
132 9	683	145
132 10	225	218
133 9	683	145
133 10	225	218
134 9	685	151
134 10	225	218
135 9	685	151
135 10	225	218
135 26	2409	75
136 9	685	151
136 10	225	218
137 9	685	151
137 10	226	217
138 9	685	151
138 10	226	217
139 9	685	151
140 10	226	217
140 26	2409	75
141 9	685	151
141 10	226	217
142 9	685	151
142 10	225	218
143 9	685	151
143 10	225	218
144 9	685	151
144 10	226	217
145 9	684	150
145 10	226	217
145 26	2409	75
146 9	685	151
146 10	226	217
148 9	683	145
148 10	226	217
149 9	685	151
149 10	226	217
150 9	684	150
150 10	225	218
150 26	2409	75
151 9	685	151
151 10	226	217
152 9	684	150
152 10	226	217
153 9	685	151
153 10	226	217
154 9	684	150
154 10	225	218
156 9	685	151
156 10	226	217
157 9	685	151
157 10	225	218
158 9	685	151
158 10	226	217
159 9	685	151
159 10	226	217
160 9	686	148
160 10	226	217
160 26	2409	75
161 9	686	148
161 10	226	217
162 9	685	151
162 10	226	217
163 9	685	151
164 10	225	218
165 9	685	151
165 10	225	218
165 26	2409	75
166 9	686	148
166 10	226	217
167 9	687	149
167 10	226	217
168 9	686	148
168 10	225	218
169 9	686	148
169 10	226	217
170 9	686	148
170 10	226	217
170 26	2409	75
172 9	687	149
172 10	227	216
173 9	686	148
173 10	227	216
174 9	687	149
174 10	227	216
175 9	687	149
175 10	227	216
175 26	2409	75
176 9	686	148
176 10	227	216
177 9	686	148
177 10	227	216
178 9	686	148
178 10	227	216
180 9	686	148
180 10	226	217
180 26	2409	75
181 9	685	151
181 10	226	217
182 9	683	145
182 10	226	217
183 9	683	145
183 10	226	217
184 9	683	145
184 10	225	218
185 9	683	145
185 10	225	218
185 26	2409	75
186 9	683	145
187 10	225	218
188 9	685	151
188 10	225	218
189 9	687	149
189 10	225	218
190 9	690	136
190 10	225	218
190 26	2409	75
191 9	691	137
191 10	225	218
192 9	691	137
192 10	225	218
193 9	690	136
193 10	226	217
194 9	688	138
194 10	226	217
196 9	686	148
196 10	226	217
197 9	685	151
197 10	226	217
198 9	684	150
198 10	225	218
199 9	683	145
199 10	225	218
200 9	682	144
200 10	224	219
200 26	2409	75
201 9	682	144
201 10	224	219
202 9	681	147
202 10	224	219
204 9	682	144
204 10	224	219
205 9	683	145
205 10	224	219
205 26	2409	75
206 9	683	145
206 10	224	219
207 9	685	151
207 10	225	218
208 9	685	151
208 10	224	219
209 9	683	145
209 10	224	219
210 9	682	144
210 10	225	218
211 26	2409	75
212 9	683	145
212 10	225	218
213 9	685	151
213 10	225	218
214 9	687	149
214 10	225	218
215 9	690	136
215 10	225	218
215 26	2409	75
216 9	690	136
216 10	225	218
217 9	688	138
217 10	225	218
218 9	688	138
218 10	225	218
220 9	686	148
220 10	225	218
220 26	2409	75
221 9	687	149
221 10	225	218
222 9	686	148
222 10	225	218
223 9	685	151
223 10	225	218
224 9	686	148
224 10	226	217
225 9	687	149
225 10	226	217
225 26	2409	75
227 9	688	138
227 10	226	217
228 9	689	139
228 10	226	217
229 9	689	139
229 10	226	217
230 9	689	139
230 10	226	217
230 26	2409	75
231 9	689	139
231 10	225	218
232 9	688	138
232 10	225	218
233 9	688	138
233 10	225	218
234 9	688	138
235 10	225	218
235 26	2409	75
236 9	687	149
236 10	225	218
237 9	687	149
237 10	225	218
238 9	687	149
238 10	225	218
239 9	687	149
239 10	225	218
240 9	688	138
240 10	225	218
240 26	2409	75
241 9	688	138
241 10	224	219
243 9	690	136
243 10	225	218
244 9	692	142
244 10	225	218
245 9	694	140
245 10	225	218
245 26	2409	75
246 9	697	131
246 10	225	218
247 9	698	128
247 10	225	218
248 9	697	131
248 10	225	218
249 9	698	128
249 10	226	217
251 9	698	128
251 10	227	216
252 9	696	130
252 10	229	222
253 9	694	140
253 10	230	221
0 9	690	136
0 10	230	221
0 26	2409	75
1 9	688	138
1 10	231	220
2 9	686	148
2 10	231	220
3 9	683	145
3 10	232	211
4 9	683	145
4 10	232	211
6 9	682	144
6 10	232	211
7 9	680	146
7 10	233	210
8 9	679	157
8 10	233	210
9 9	681	147
9 10	233	210
10 9	681	147
10 10	233	210
10 26	2409	75
11 9	681	147
11 10	232	211
12 9	680	146
12 10	233	210
13 9	680	146
13 10	233	210
14 9	679	157
15 10	233	210
15 26	2409	75
16 9	678	156
16 10	234	209
17 9	678	156
17 10	234	209
18 9	678	156
18 10	234	209
19 9	676	158
19 10	235	208
20 9	675	153
20 10	235	208
20 26	2409	75
21 9	675	153
21 10	235	208
23 9	674	152
23 10	235	208
24 9	674	152
24 10	235	208
25 9	673	155
25 10	235	208
25 26	2409	75
26 9	674	152
26 10	235	208
27 9	672	154
27 10	235	208
28 9	671	165
28 10	235	208
29 9	670	164
29 10	236	215
30 9	670	164
30 10	236	215
31 26	2409	75
32 9	671	165
32 10	235	208
33 9	671	165
33 10	235	208
34 9	671	165
34 10	235	208
35 9	671	165
35 10	235	208
35 26	2409	75
36 9	671	165
36 10	236	215
37 9	671	165
37 10	235	208
38 9	672	154
39 10	235	208
40 9	673	155
40 10	236	215
40 26	2409	75
41 9	672	154
41 10	236	215
42 9	672	154
42 10	236	215
43 9	673	155
43 10	236	215
44 9	672	154
44 10	236	215
45 9	672	154
45 10	236	215
45 26	2409	75
47 9	672	154
47 10	236	215
48 9	672	154
48 10	236	215
49 9	671	165
49 10	236	215
50 9	673	155
50 10	235	208
50 26	2409	75
51 9	672	154
51 10	235	208
52 9	671	165
52 10	234	209
53 9	670	164
53 10	233	210
54 9	670	164
54 10	234	209
56 9	670	164
56 10	234	209
57 9	667	161
57 10	232	211
58 9	668	166
58 10	231	220
59 9	668	166
59 10	231	220
60 9	668	166
60 10	230	221
60 26	2409	75
61 9	667	161
61 10	230	221
62 9	669	167
62 10	229	222
63 9	670	164
63 10	229	222
65 9	673	155
65 10	230	221
65 26	2409	75
66 9	675	153
66 10	230	221
67 9	677	159
67 10	230	221
68 9	678	156
68 10	231	220
69 9	680	146
69 10	231	220
70 9	678	156
70 10	232	211
70 26	2409	75
71 9	677	159
72 10	232	211
73 9	676	158
73 10	231	220
74 9	675	153
74 10	230	221
75 9	673	155
75 10	229	222
75 26	2409	75
76 9	671	165
76 10	229	222
77 9	671	165
77 10	230	221
78 9	672	154
78 10	230	221
79 9	674	152
79 10	230	221
80 9	676	158
81 10	230	221
82 9	678	156
82 10	230	221
83 9	678	156
83 10	231	220
84 9	678	156
84 10	231	220
85 9	677	159
85 10	231	220
85 26	2409	75
86 9	676	158
86 10	232	211
87 9	676	158
87 10	232	211
88 9	675	153
88 10	232	211
89 9	674	152
90 10	233	210
90 26	2409	75
91 9	675	153
91 10	233	210
92 9	675	153
92 10	233	210
93 9	675	153
93 10	233	210
94 9	675	153
94 10	234	209
95 9	671	165
95 10	235	208
95 26	2409	75
96 9	670	164
96 10	235	208
98 9	669	167
98 10	235	208
99 9	667	161
99 10	235	208
100 9	665	163
100 10	234	209
100 26	2409	75
101 9	664	162
101 10	233	210
102 9	664	162
102 10	233	210
103 9	663	173
103 10	233	210
104 9	663	173
104 10	232	211
105 9	664	162
106 10	232	211
107 9	667	161
107 10	233	210
108 9	669	167
108 10	233	210
109 9	671	165
109 10	233	210
110 9	671	165
110 10	233	210
110 26	2409	75
111 9	671	165
111 10	234	209
112 9	669	167
112 10	235	208
113 9	666	160
113 10	235	208
115 9	666	160
115 10	235	208
115 26	2409	75
116 9	665	163
116 10	235	208
117 9	664	162
117 10	235	208
118 9	663	173
118 10	235	208
119 9	663	173
119 10	235	208
120 9	663	173
120 10	235	208
120 26	2409	75
122 9	663	173
122 10	235	208
123 9	663	173
123 10	235	208
124 9	666	160
124 10	234	209
125 9	666	160
125 10	233	210
125 26	2409	75
126 9	668	166
126 10	233	210
127 9	669	167
127 10	233	210
128 9	669	167
128 10	233	210
129 9	669	167
130 10	234	209
130 26	2409	75
131 9	669	167
131 10	234	209
132 9	669	167
132 10	234	209
133 9	669	167
133 10	235	208
134 9	667	161
134 10	234	209
135 9	666	160
135 10	234	209
135 26	2409	75
136 9	666	160
136 10	234	209
138 9	666	160
138 10	233	210
139 9	668	166
139 10	234	209
140 9	668	166
140 10	235	208
140 26	2409	75
141 9	668	166
141 10	235	208
142 9	668	166
142 10	236	215
143 9	667	161
143 10	236	215
144 9	668	166
144 10	236	215
146 9	668	166
146 10	236	215
147 9	667	161
147 10	236	215
148 9	667	161
148 10	237	214
149 9	666	160
149 10	236	215
150 9	666	160
150 10	237	214
150 26	2409	75
151 9	665	163
151 10	238	213
152 9	663	173
152 10	238	213
153 9	661	175
154 10	237	214
155 9	659	169
155 10	237	214
155 26	2409	75
156 9	660	174
156 10	235	208
157 9	660	174
157 10	235	208
158 9	661	175
158 10	234	209
159 9	663	173
159 10	234	209
160 9	663	173
160 10	234	209
161 26	2409	75
162 9	663	173
162 10	235	208
163 9	662	172
163 10	236	215
164 9	661	175
164 10	236	215
165 9	660	174
165 10	236	215
165 26	2409	75
166 9	658	168
166 10	237	214
167 9	659	169
167 10	236	215
168 9	658	168
168 10	236	215
170 9	658	168
170 10	237	214
170 26	2409	75
171 9	659	169
171 10	236	215
172 9	658	168
172 10	236	215
173 9	658	168
173 10	237	214
174 9	658	168
174 10	238	213
175 9	658	168
175 10	238	213
175 26	2409	75
176 9	658	168
177 10	238	213
178 9	657	171
178 10	238	213
179 9	657	171
179 10	239	212
180 9	656	170
180 10	239	212
180 26	2409	75
181 9	654	180
181 10	239	212
182 9	655	181
182 10	239	212
183 9	655	181
183 10	240	203
184 9	654	180
184 10	240	203
185 26	2409	75
186 9	653	183
186 10	240	203
187 9	653	183
187 10	240	203
188 9	652	182
188 10	239	212
189 9	651	177
189 10	239	212
190 9	652	182
190 10	240	203
190 26	2409	75
191 9	651	177
191 10	239	212
193 9	652	182
193 10	240	203
194 9	652	182
194 10	240	203
195 9	650	176
195 10	240	203
195 26	2409	75
196 9	651	177
196 10	240	203
197 9	652	182
197 10	239	212
198 9	654	180
198 10	240	203
199 9	656	170
199 10	240	203
200 9	655	181
201 10	239	212
202 9	655	181
202 10	239	212
203 9	655	181
203 10	238	213
204 9	656	170
204 10	238	213
205 9	658	168
205 10	238	213
205 26	2409	75
206 9	659	169
206 10	238	213
207 9	661	175
207 10	238	213
208 9	662	172
208 10	238	213
210 9	661	175
210 10	238	213
210 26	2409	75
211 9	661	175
211 10	239	212
212 9	658	168
212 10	240	203
213 9	656	170
213 10	240	203
214 9	654	180
214 10	240	203
215 9	653	183
215 10	240	203
215 26	2409	75
217 9	651	177
217 10	240	203
218 9	650	176
218 10	240	203
219 9	649	179
219 10	240	203
220 9	648	178
220 10	239	212
220 26	2409	75
221 9	648	178
221 10	240	203
222 9	646	188
222 10	240	203
223 9	645	191
223 10	239	212
224 9	645	191
225 10	238	213
225 26	2409	75
226 9	647	189
226 10	237	214
227 9	652	182
227 10	236	215
228 9	653	183
228 10	236	215
229 9	654	180
229 10	236	215
230 9	655	181
230 10	236	215
230 26	2409	75
231 9	654	180
231 10	236	215
233 9	655	181
233 10	236	215
234 9	655	181
234 10	236	215
235 9	654	180
235 10	236	215
235 26	2409	75
236 9	653	183
236 10	237	214
237 9	653	183
237 10	238	213
238 9	651	177
238 10	238	213
239 9	650	176
239 10	238	213
241 9	649	179
241 10	238	213
242 9	648	178
242 10	237	214
243 9	646	188
243 10	236	215
244 9	646	188
244 10	235	208
245 9	648	178
245 10	235	208
245 26	2409	75
246 9	649	179
246 10	234	209
247 9	649	179
247 10	234	209
248 9	650	176
249 10	233	210
250 9	655	181
250 10	233	210
250 26	2409	75
251 9	657	171
251 10	232	211
252 9	661	175
252 10	233	210
253 9	662	172
253 10	232	211
0 9	663	173
0 10	232	211
0 26	2409	75
1 9	662	172
1 10	233	210
3 9	663	173
3 10	232	211
4 9	664	162
4 10	233	210
5 9	664	162
5 10	233	210
5 26	2409	75
6 9	663	173
6 10	234	209
7 9	661	175
7 10	235	208
8 9	660	174
8 10	237	214
9 9	656	170
9 10	237	214
10 9	654	180
10 10	238	213
11 26	2409	75
12 9	652	182
12 10	238	213
13 9	651	177
13 10	238	213
14 9	650	176
14 10	238	213
15 9	649	179
15 10	239	212
15 26	2409	75
16 9	647	189
16 10	239	212
17 9	646	188
17 10	239	212
18 9	645	191
18 10	240	203
20 9	643	185
20 10	240	203
20 26	2409	75
21 9	642	184
21 10	240	203
22 9	640	186
22 10	240	203
23 9	639	69
23 10	240	203
24 9	638	68
24 10	240	203
25 9	640	186
25 10	239	212
25 26	2409	75
26 9	640	186
26 10	238	213
28 9	641	187
28 10	237	214
29 9	646	188
29 10	235	208
30 9	650	176
30 10	235	208
30 26	2409	75
31 9	655	181
31 10	234	209
32 9	655	181
32 10	234	209
33 9	655	181
33 10	234	209
34 9	655	181
34 10	235	208
35 9	655	181
36 10	235	208
37 9	655	181
37 10	235	208
38 9	659	169
38 10	237	214
39 9	660	174
39 10	237	214
40 9	658	168
40 10	237	214
40 26	2409	75
41 9	656	170
41 10	237	214
42 9	655	181
42 10	237	214
43 9	653	183
43 10	238	213
44 9	651	177
45 10	238	213
45 26	2409	75
46 9	650	176
46 10	238	213
47 9	649	179
47 10	238	213
48 9	648	178
48 10	238	213
49 9	648	178
49 10	238	213
50 9	648	178
50 10	238	213
50 26	2409	75
51 9	652	182
51 10	238	213
53 9	651	177
53 10	238	213
54 9	650	176
54 10	238	213
55 9	648	178
55 10	239	212
55 26	2409	75
56 9	647	189
56 10	239	212
57 9	646	188
57 10	239	212
58 9	646	188
58 10	239	212
59 9	645	191
59 10	239	212
60 9	645	191
60 10	240	203
61 26	2409	75
62 9	644	190
62 10	240	203
63 9	644	190
63 10	240	203
64 9	644	190
64 10	240	203
65 9	643	185
65 10	240	203
65 26	2409	75
66 9	642	184
66 10	241	202
67 9	643	185
67 10	240	203
68 9	642	184
69 10	239	212
70 9	643	185
70 10	238	213
70 26	2409	75
71 9	645	191
71 10	237	214
72 9	646	188
72 10	238	213
73 9	647	189
73 10	239	212
74 9	646	188
74 10	239	212
75 9	646	188
75 10	239	212
75 26	2409	75
77 9	645	191
77 10	238	213
78 9	645	191
78 10	239	212
79 9	645	191
79 10	240	203
80 9	645	191
80 10	240	203
80 26	2409	75
81 9	645	191
81 10	239	212
82 9	645	191
82 10	239	212
83 9	645	191
83 10	239	212
84 9	645	191
84 10	240	203
86 9	647	189
86 10	239	212
87 9	649	179
87 10	238	213
88 9	651	177
88 10	236	215
89 9	653	183
89 10	236	215
90 9	655	181
90 10	235	208
90 26	2409	75
91 9	656	170
91 10	235	208
92 9	656	170
92 10	235	208
93 9	657	171
93 10	236	215
95 9	657	171
95 10	237	214
95 26	2409	75
96 9	656	170
96 10	237	214
97 9	655	181
97 10	239	212
98 9	653	183
98 10	238	213
99 9	652	182
99 10	239	212
100 9	651	177
100 10	238	213
100 26	2409	75
101 9	651	177
102 10	239	212
103 9	650	176
103 10	240	203
104 9	649	179
104 10	240	203
105 9	648	178
105 10	240	203
105 26	2409	75
106 9	649	179
106 10	240	203
107 9	649	179
107 10	241	202
108 9	647	189
108 10	241	202
109 9	646	188
109 10	241	202
111 9	645	191
111 10	241	202
112 9	645	191
112 10	241	202
113 9	645	191
113 10	242	201
114 9	646	188
114 10	241	202
115 9	645	191
115 10	241	202
115 26	2409	75
116 9	643	185
116 10	242	201
117 9	641	187
117 10	242	201
119 9	640	186
119 10	242	201
120 9	640	186
120 10	242	201
120 26	2409	75
121 9	641	187
121 10	243	200
122 9	640	186
122 10	243	200
123 9	640	186
123 10	243	200
124 9	640	186
124 10	243	200
125 9	640	186
125 10	243	200
126 26	2409	75
127 9	640	186
127 10	242	201
128 9	640	186
128 10	241	202
129 9	641	187
129 10	241	202
130 9	642	184
130 10	241	202
130 26	2409	75
131 9	643	185
131 10	241	202
132 9	643	185
132 10	241	202
133 9	643	185
133 10	242	201
135 9	643	185
135 10	242	201
135 26	2409	75
136 9	643	185
136 10	241	202
137 9	641	187
137 10	241	202
138 9	641	187
138 10	242	201
139 9	641	187
139 10	242	201
140 9	641	187
140 10	242	201
140 26	2409	75
142 9	642	184
142 10	242	201
143 9	642	184
143 10	242	201
144 9	642	184
144 10	243	200
145 9	642	184
145 10	243	200
145 26	2409	75
146 9	642	184
146 10	242	201
147 9	643	185
147 10	242	201
148 9	641	187
148 10	242	201
149 9	641	187
150 10	242	201
150 26	2409	75
151 9	641	187
151 10	242	201
152 9	641	187
152 10	242	201
153 9	641	187
153 10	242	201
154 9	641	187
154 10	242	201
155 9	640	186
155 10	242	201
155 26	2409	75
156 9	640	186
156 10	242	201
158 9	640	186
158 10	243	200
159 9	640	186
159 10	243	200
160 9	640	186
160 10	243	200
160 26	2409	75
161 9	639	69
161 10	242	201
162 9	639	69
162 10	242	201
163 9	640	186
163 10	241	202
164 9	640	186
164 10	242	201
166 9	639	69
166 10	242	201
167 9	641	187
167 10	242	201
168 9	644	190
168 10	241	202
169 9	648	178
169 10	240	203
170 9	648	178
170 10	240	203
170 26	2409	75
171 9	649	179
171 10	239	212
172 9	651	177
172 10	239	212
173 9	651	177
174 10	239	212
175 9	650	176
175 10	238	213
175 26	2409	75
176 9	650	176
176 10	239	212
177 9	650	176
177 10	240	203
178 9	652	182
178 10	240	203
179 9	655	181
179 10	240	203
180 9	654	180
180 10	241	202
180 26	2409	75
182 9	653	183
182 10	241	202
183 9	651	177
183 10	242	201
184 9	649	179
184 10	242	201
185 9	648	178
185 10	243	200
185 26	2409	75
186 9	645	191
186 10	243	200
187 9	644	190
187 10	242	201
188 9	643	185
188 10	243	200
190 9	641	187
190 10	243	200
190 26	2409	75
191 9	641	187
191 10	243	200
192 9	640	186
192 10	243	200
193 9	639	69
193 10	243	200
194 9	640	186
194 10	243	200
195 9	640	186
195 10	244	207
195 26	2409	75
196 9	638	68
197 10	244	207
198 9	638	68
198 10	244	207
199 9	637	71
199 10	243	200
200 9	636	70
200 10	244	207
200 26	2409	75
201 9	637	71
201 10	244	207
202 9	638	68
202 10	243	200
203 9	639	69
203 10	243	200
204 9	640	186
204 10	243	200
206 9	640	186
206 10	243	200
207 9	640	186
207 10	243	200
208 9	641	187
208 10	242	201
209 9	641	187
209 10	242	201
210 9	641	187
210 10	241	202
210 26	2409	75
211 9	641	187
211 10	242	201
212 9	642	184
212 10	242	201
214 9	643	185
214 10	242	201
215 9	643	185
215 10	242	201
215 26	2409	75
216 9	643	185
216 10	241	202
217 9	647	189
217 10	241	202
218 9	650	176
218 10	241	202
219 9	650	176
219 10	242	201
220 9	650	176
220 10	242	201
221 26	2409	75
222 9	650	176
222 10	241	202
223 9	648	178
223 10	241	202
224 9	648	178
224 10	241	202
225 9	648	178
225 10	240	203
225 26	2409	75
226 9	648	178
226 10	240	203
227 9	649	179
227 10	240	203
228 9	650	176
228 10	240	203
230 9	651	177
230 10	240	203
230 26	2409	75
231 9	652	182
231 10	240	203
232 9	651	177
232 10	240	203
233 9	650	176
233 10	240	203
234 9	649	179
234 10	241	202
235 9	648	178
235 10	242	201
235 26	2409	75
237 9	646	188
237 10	242	201
238 9	645	191
238 10	242	201
239 9	643	185
239 10	242	201
240 9	643	185
240 10	243	200
240 26	2409	75
241 9	643	185
241 10	243	200
242 9	645	191
242 10	243	200
243 9	646	188
243 10	243	200
244 9	648	178
245 10	243	200
245 26	2409	75
246 9	647	189
246 10	243	200
247 9	646	188
247 10	242	201
248 9	647	189
248 10	242	201
249 9	646	188
249 10	242	201
250 9	645	191
250 10	242	201
250 26	2409	75
251 9	644	190
251 10	242	201
253 9	643	185
253 10	242	201
0 9	643	185
0 10	242	201
0 26	2409	75
1 9	643	185
1 10	242	201
2 9	643	185
2 10	242	201
3 9	644	190
3 10	242	201
4 9	644	190
4 10	242	201
5 9	643	185
5 10	242	201
5 26	2409	75
7 9	642	184
7 10	241	202
8 9	642	184
8 10	242	201
9 9	641	187
9 10	242	201
10 9	641	187
10 10	242	201
10 26	2409	75
11 9	641	187
11 10	242	201
12 9	640	186
12 10	243	200
13 9	640	186
13 10	242	201
14 9	640	186
14 10	243	200
16 9	638	68
16 10	243	200
17 9	639	69
17 10	243	200
18 9	639	69
18 10	243	200
19 9	640	186
19 10	244	207
20 9	640	186
20 10	243	200
20 26	2409	75
21 9	641	187
21 10	243	200
22 9	641	187
22 10	242	201
23 9	640	186
23 10	242	201
25 9	640	186
25 10	241	202
25 26	2409	75
26 9	641	187
26 10	241	202
27 9	641	187
27 10	241	202
28 9	641	187
28 10	241	202
29 9	643	185
29 10	240	203
30 9	646	188
30 10	240	203
30 26	2409	75
31 9	645	191
31 10	240	203
33 9	647	189
33 10	240	203
34 9	648	178
34 10	240	203
35 9	653	183
35 10	240	203
35 26	2409	75
36 9	655	181
36 10	240	203
37 9	656	170
37 10	240	203
38 9	656	170
38 10	240	203
39 9	655	181
39 10	240	203
40 9	656	170
41 10	240	203
42 9	655	181
42 10	239	212
43 9	654	180
43 10	239	212
44 9	653	183
44 10	239	212
45 9	653	183
45 10	239	212
45 26	2409	75
46 9	653	183
46 10	240	203
47 9	653	183
47 10	240	203
48 9	654	180
48 10	240	203
49 9	653	183
50 10	239	212
50 26	2409	75
51 9	653	183
51 10	237	214
52 9	654	180
52 10	237	214
53 9	656	170
53 10	238	213
54 9	656	170
54 10	238	213
55 9	655	181
55 10	239	212
55 26	2409	75
56 9	655	181
56 10	239	212
58 9	654	180
58 10	240	203
59 9	653	183
59 10	240	203
60 9	651	177
60 10	241	202
60 26	2409	75
61 9	650	176
61 10	241	202
62 9	648	178
62 10	242	201
63 9	648	178
63 10	242	201
64 9	646	188
64 10	242	201
65 9	646	188
65 10	241	202
66 26	2409	75
67 9	645	191
67 10	242	201
68 9	644	190
68 10	242	201
69 9	644	190
69 10	241	202
70 9	644	190
70 10	242	201
70 26	2409	75
71 9	644	190
71 10	242	201
72 9	644	190
72 10	242	201
73 9	646	188
74 10	242	201
75 9	647	189
75 10	242	201
75 26	2409	75
76 9	646	188
76 10	242	201
77 9	646	188
77 10	242	201
78 9	646	188
78 10	242	201
79 9	646	188
79 10	242	201
80 9	645	191
80 10	242	201
80 26	2409	75
82 9	646	188
82 10	241	202
83 9	646	188
83 10	239	212
84 9	648	178
84 10	239	212
85 9	650	176
85 10	239	212
85 26	2409	75
86 9	651	177
86 10	239	212
87 9	651	177
87 10	239	212
88 9	652	182
88 10	239	212
89 9	652	182
89 10	239	212
91 9	652	182
91 10	239	212
92 9	653	183
92 10	240	203
93 9	654	180
93 10	240	203
94 9	655	181
94 10	239	212
95 9	655	181
95 10	239	212
95 26	2409	75
96 9	654	180
96 10	240	203
97 9	653	183
97 10	240	203
98 9	652	182
98 10	239	212
100 9	651	177
100 10	239	212
100 26	2409	75
101 9	652	182
101 10	238	213
102 9	655	181
102 10	238	213
103 9	657	171
103 10	238	213
104 9	658	168
104 10	238	213
105 9	658	168
105 10	238	213
105 26	2409	75
107 9	657	171
107 10	239	212
108 9	657	171
108 10	239	212
109 9	655	181
109 10	239	212
110 9	655	181
110 10	238	213
110 26	2409	75
111 9	655	181
111 10	238	213
112 9	655	181
112 10	238	213
113 9	654	180
113 10	238	213
114 9	654	180
115 10	239	212
115 26	2409	75
116 9	656	170
116 10	239	212
117 9	656	170
117 10	239	212
118 9	656	170
118 10	240	203
119 9	657	171
119 10	240	203
120 9	657	171
120 10	240	203
120 26	2409	75
121 9	658	168
121 10	240	203
123 9	657	171
123 10	240	203
124 9	655	181
124 10	241	202
125 9	654	180
125 10	241	202
125 26	2409	75
126 9	653	183
126 10	241	202
127 9	651	177
127 10	241	202
128 9	650	176
128 10	241	202
129 9	650	176
129 10	241	202
131 9	650	176
131 10	241	202
132 9	650	176
132 10	241	202
133 9	649	179
133 10	242	201
134 9	648	178
134 10	242	201
135 9	647	189
135 10	242	201
135 26	2409	75
136 9	646	188
136 10	242	201
137 9	646	188
137 10	242	201
138 9	646	188
139 10	242	201
140 9	646	188
140 10	243	200
140 26	2409	75
141 9	646	188
141 10	243	200
142 9	646	188
142 10	242	201
143 9	646	188
143 10	242	201
144 9	646	188
144 10	241	202
145 9	646	188
145 10	242	201
145 26	2409	75
147 9	646	188
147 10	242	201
148 9	648	178
148 10	242	201
149 9	650	176
149 10	241	202
150 9	650	176
150 10	240	203
150 26	2409	75
151 9	650	176
151 10	240	203
152 9	650	176
152 10	240	203
153 9	651	177
153 10	240	203
155 9	651	177
155 10	239	212
155 26	2409	75
156 9	653	183
156 10	240	203
157 9	654	180
157 10	239	212
158 9	653	183
158 10	238	213
159 9	653	183
159 10	237	214
160 9	655	181
160 10	237	214
160 26	2409	75
161 9	656	170
162 10	237	214
163 9	658	168
163 10	237	214
164 9	658	168
164 10	237	214
165 9	659	169
165 10	238	213
165 26	2409	75
166 9	659	169
166 10	239	212
167 9	658	168
167 10	240	203
168 9	658	168
168 10	240	203
169 9	656	170
169 10	240	203
171 9	655	181
171 10	241	202
172 9	653	183
172 10	241	202
173 9	651	177
173 10	241	202
174 9	651	177
174 10	241	202
175 9	650	176
175 10	242	201
175 26	2409	75
176 9	649	179
176 10	242	201
177 9	648	178
177 10	242	201
179 9	646	188
179 10	242	201
180 9	646	188
180 10	242	201
180 26	2409	75
181 9	646	188
181 10	241	202
182 9	645	191
182 10	241	202
183 9	645	191
183 10	242	201
184 9	645	191
184 10	242	201
185 9	644	190
185 10	242	201
186 26	2409	75
187 9	645	191
187 10	241	202
188 9	645	191
188 10	241	202
189 9	646	188
189 10	240	203
190 9	646	188
190 10	240	203
190 26	2409	75
191 9	648	178
191 10	240	203
192 9	648	178
192 10	239	212
193 9	649	179
193 10	239	212
195 9	649	179
195 10	240	203
195 26	2409	75
196 9	650	176
196 10	239	212
197 9	650	176
197 10	240	203
198 9	651	177
198 10	240	203
199 9	650	176
199 10	240	203
200 9	651	177
200 10	239	212
200 26	2409	75
202 9	652	182
202 10	239	212
203 9	653	183
203 10	240	203
204 9	653	183
204 10	240	203
205 9	653	183
205 10	240	203
205 26	2409	75
206 9	652	182
206 10	241	202
207 9	651	177
207 10	241	202
208 9	651	177
208 10	241	202
209 9	651	177
210 10	241	202
210 26	2409	75
211 9	650	176
211 10	241	202
212 9	650	176
212 10	242	201
213 9	650	176
213 10	242	201
214 9	650	176
214 10	242	201
215 9	650	176
215 10	243	200
215 26	2409	75
216 9	650	176
216 10	242	201
218 9	650	176
218 10	242	201
219 9	650	176
219 10	243	200
220 9	649	179
220 10	243	200
220 26	2409	75
221 9	648	178
221 10	242	201
222 9	647	189
222 10	242	201
223 9	646	188
223 10	243	200
224 9	646	188
224 10	243	200
226 9	645	191
226 10	243	200
227 9	644	190
227 10	243	200
228 9	642	184
228 10	242	201
229 9	641	187
229 10	242	201
230 9	640	186
230 10	243	200
230 26	2409	75
231 9	641	187
231 10	242	201
232 9	641	187
232 10	242	201
233 9	641	187
234 10	241	202
235 9	642	184
235 10	241	202
235 26	2409	75
236 9	645	191
236 10	241	202
237 9	644	190
237 10	241	202
238 9	645	191
238 10	240	203
239 9	648	178
239 10	240	203
240 9	650	176
240 10	240	203
240 26	2409	75
242 9	653	183
242 10	239	212
243 9	653	183
243 10	239	212
244 9	653	183
244 10	239	212
245 9	653	183
245 10	239	212
245 26	2409	75
246 9	653	183
246 10	240	203
247 9	651	177
247 10	240	203
248 9	651	177
248 10	240	203
250 9	651	177
250 10	241	202
250 26	2409	75
251 9	650	176
251 10	240	203
252 9	650	176
252 10	240	203
253 9	650	176
253 10	240	203
0 9	649	179
0 10	240	203
0 26	2409	75
1 9	649	179
1 10	241	202
2 9	648	178
2 10	240	203
4 9	648	178
4 10	241	202
5 9	648	178
5 10	241	202
5 26	2409	75
6 9	647	189
6 10	242	201
7 9	647	189
7 10	242	201
8 9	648	178
8 10	242	201
9 9	647	189
9 10	242	201
10 9	647	189
10 10	242	201
10 26	2409	75
12 9	646	188
12 10	242	201
13 9	646	188
13 10	243	200
14 9	646	188
14 10	243	200
15 9	646	188
15 10	242	201
15 26	2409	75
16 9	645	191
16 10	243	200
17 9	645	191
17 10	243	200
18 9	645	191
18 10	243	200
19 9	646	188
19 10	243	200
21 9	645	191
21 10	242	201
22 9	645	191
22 10	243	200
23 9	645	191
23 10	243	200
24 9	645	191
24 10	243	200
25 9	646	188
25 10	243	200
25 26	2409	75
26 9	646	188
26 10	243	200
27 9	646	188
27 10	242	201
28 9	646	188
28 10	243	200
30 9	645	191
30 10	243	200
30 26	2409	75
31 9	645	191
31 10	242	201
32 9	646	188
32 10	243	200
33 9	646	188
33 10	243	200
34 9	646	188
34 10	242	201
35 9	646	188
35 10	243	200
35 26	2409	75
36 9	647	189
37 10	243	200
38 9	646	188
38 10	242	201
39 9	646	188
39 10	243	200
40 9	646	188
40 10	243	200
40 26	2409	75
41 9	646	188
41 10	242	201
42 9	646	188
42 10	242	201
43 9	646	188
43 10	241	202
44 9	648	178
44 10	241	202
46 9	648	178
46 10	241	202
47 9	649	179
47 10	241	202
48 9	650	176
48 10	242	201
49 9	651	177
49 10	242	201
50 9	652	182
50 10	242	201
50 26	2409	75
51 9	653	183
51 10	241	202
52 9	653	183
52 10	240	203
53 9	652	182
53 10	240	203
55 9	653	183
55 10	240	203
55 26	2409	75
56 9	654	180
56 10	240	203
57 9	655	181
57 10	240	203
58 9	657	171
58 10	240	203
59 9	658	168
59 10	240	203
60 9	660	174
60 10	240	203
60 26	2409	75
61 9	660	174
61 10	240	203
63 9	660	174
63 10	240	203
64 9	661	175
64 10	240	203
65 9	661	175
65 10	240	203
65 26	2409	75
66 9	660	174
66 10	241	202
67 9	659	169
67 10	241	202
68 9	659	169
68 10	242	201
69 9	658	168
69 10	242	201
70 9	656	170
71 10	242	201
72 9	656	170
72 10	242	201
73 9	655	181
73 10	242	201
74 9	656	170
74 10	242	201
75 9	657	171
75 10	242	201
75 26	2409	75
76 9	656	170
76 10	242	201
77 9	656	170
77 10	242	201
78 9	655	181
78 10	242	201
79 9	654	180
80 10	242	201
80 26	2409	75
81 9	653	183
81 10	243	200
82 9	652	182
82 10	243	200
83 9	651	177
83 10	243	200
84 9	652	182
84 10	242	201
85 9	651	177
85 10	242	201
85 26	2409	75
86 9	653	183
86 10	242	201
88 9	653	183
88 10	243	200
89 9	653	183
89 10	241	202
90 9	654	180
90 10	241	202
90 26	2409	75
91 9	655	181
91 10	242	201
92 9	655	181
92 10	241	202
93 9	655	181
93 10	240	203
94 9	655	181
94 10	240	203
95 9	656	170
95 10	240	203
96 26	2409	75
97 9	658	168
97 10	240	203
98 9	659	169
98 10	240	203
99 9	659	169
99 10	241	202
100 9	658	168
100 10	241	202
100 26	2409	75
101 9	658	168
101 10	241	202
102 9	657	171
102 10	242	201
103 9	656	170
104 10	242	201
105 9	656	170
105 10	242	201
105 26	2409	75
106 9	654	180
106 10	242	201
107 9	653	183
107 10	242	201
108 9	652	182
108 10	242	201
109 9	651	177
109 10	243	200
110 9	651	177
110 10	243	200
111 26	2409	75
112 9	650	176
112 10	243	200
113 9	649	179
113 10	243	200
114 9	649	179
114 10	242	201
115 9	649	179
115 10	243	200
115 26	2409	75
116 9	650	176
116 10	242	201
117 9	650	176
117 10	242	201
118 9	649	179
118 10	243	200
120 9	650	176
120 10	243	200
120 26	2409	75
121 9	650	176
121 10	243	200
122 9	651	177
122 10	243	200
123 9	651	177
123 10	243	200
124 9	652	182
124 10	242	201
125 9	652	182
125 10	243	200
125 26	2409	75
126 9	653	183
127 10	243	200
128 9	652	182
128 10	243	200
129 9	653	183
129 10	243	200
130 9	653	183
130 10	243	200
130 26	2409	75
131 9	652	182
131 10	244	207
132 9	651	177
132 10	243	200
133 9	652	182
133 10	244	207
134 9	651	177
134 10	244	207
135 26	2409	75
136 9	651	177
136 10	244	207
137 9	651	177
137 10	244	207
138 9	651	177
138 10	244	207
139 9	650	176
139 10	244	207
140 9	649	179
140 10	244	207
140 26	2409	75
141 9	650	176
141 10	244	207
143 9	650	176
143 10	244	207
144 9	650	176
144 10	244	207
145 9	650	176
145 10	245	206
145 26	2409	75
146 9	650	176
146 10	245	206
147 9	650	176
147 10	244	207
148 9	650	176
148 10	244	207
149 9	649	179
149 10	244	207
150 9	649	179
151 10	245	206
152 9	648	178
152 10	245	206
153 9	648	178
153 10	244	207
154 9	647	189
154 10	244	207
155 9	646	188
155 10	244	207
155 26	2409	75
156 9	646	188
156 10	244	207
157 9	647	189
157 10	243	200
158 9	648	178
158 10	243	200
160 9	648	178
160 10	243	200
160 26	2409	75
161 9	648	178
161 10	243	200
162 9	649	179
162 10	242	201
163 9	650	176
163 10	242	201
164 9	655	181
164 10	241	202
165 9	662	172
165 10	241	202
165 26	2409	75
167 9	666	160
167 10	240	203
168 9	667	161
168 10	240	203
169 9	669	167
169 10	240	203
170 9	670	164
170 10	239	212
170 26	2409	75
171 9	670	164
171 10	239	212
172 9	668	166
172 10	239	212
173 9	666	160
173 10	239	212
174 9	665	163
175 10	238	213
175 26	2409	75
176 9	665	163
176 10	238	213
177 9	664	162
177 10	238	213
178 9	663	173
178 10	239	212
179 9	662	172
179 10	239	212
180 9	661	175
180 10	240	203
180 26	2409	75
181 9	661	175
181 10	241	202
183 9	661	175
183 10	240	203
184 9	660	174
184 10	241	202
185 9	658	168
185 10	242	201
185 26	2409	75
186 9	656	170
186 10	242	201
187 9	656	170
187 10	242	201
188 9	655	181
188 10	242	201
189 9	654	180
189 10	242	201
191 9	653	183
191 10	242	201
192 9	653	183
192 10	242	201
193 9	651	177
193 10	242	201
194 9	651	177
194 10	242	201
195 9	652	182
195 10	242	201
195 26	2409	75
196 9	653	183
196 10	243	200
197 9	652	182
197 10	243	200
198 9	652	182
199 10	243	200
200 9	652	182
200 10	243	200
200 26	2409	75
201 9	651	177
201 10	243	200
202 9	651	177
202 10	243	200
203 9	651	177
203 10	243	200
204 9	653	183
204 10	242	201
205 9	654	180
205 10	241	202
206 26	2409	75
207 9	656	170
207 10	242	201
208 9	656	170
208 10	241	202
209 9	659	169
209 10	240	203
210 9	660	174
210 10	239	212
210 26	2409	75
211 9	661	175
211 10	239	212
212 9	662	172
212 10	239	212
213 9	662	172
213 10	239	212
215 9	663	173
215 10	239	212
215 26	2409	75
216 9	663	173
216 10	239	212
217 9	663	173
217 10	239	212
218 9	665	163
218 10	239	212
219 9	670	164
219 10	240	203
220 9	671	165
220 10	240	203
220 26	2409	75
221 9	669	167
222 10	239	212
223 9	666	160
223 10	239	212
224 9	665	163
224 10	239	212
225 9	664	162
225 10	239	212
225 26	2409	75
226 9	665	163
226 10	239	212
227 9	663	173
227 10	239	212
228 9	662	172
228 10	239	212
229 9	661	175
229 10	239	212
230 26	2409	75
231 9	660	174
231 10	238	213
232 9	661	175
232 10	239	212
233 9	660	174
233 10	239	212
234 9	659	169
234 10	238	213
235 9	659	169
235 10	238	213
235 26	2409	75
236 9	660	174
236 10	238	213
238 9	660	174
238 10	237	214
239 9	659	169
239 10	237	214
240 9	660	174
240 10	238	213
240 26	2409	75
241 9	660	174
241 10	238	213
242 9	660	174
242 10	238	213
243 9	662	172
243 10	238	213
244 9	661	175
244 10	238	213
245 9	661	175
246 10	239	212
247 9	661	175
247 10	238	213
248 9	660	174
248 10	239	212
249 9	660	174
249 10	239	212
250 9	660	174
250 10	239	212
250 26	2409	75
251 9	659	169
251 10	238	213
252 9	658	168
252 10	238	213
253 9	659	169
253 10	238	213
0 9	658	168
0 10	238	213
0 26	2409	75
1 9	660	174
1 10	239	212
2 9	663	173
2 10	239	212
3 9	664	162
3 10	239	212
4 9	664	162
4 10	240	203
5 9	663	173
5 10	239	212
5 26	2409	75
6 9	662	172
6 10	238	213
8 9	663	173
8 10	238	213
9 9	664	162
9 10	238	213
10 9	664	162
10 10	238	213
10 26	2409	75
11 9	664	162
11 10	239	212
12 9	664	162
12 10	239	212
2 9	672	154
2 10	242	201√
7 0	0	49
0 9	671	165
0 10	247	204
0 26	2409	75
1 9	666	160
1 10	247	204
2 9	660	174
2 10	247	204
4 9	656	170
4 10	246	205
5 9	654	180
5 10	246	205
5 26	2409	75
6 9	652	182
6 10	246	205
7 9	650	176
7 10	246	205
8 9	649	179
8 10	246	205
9 9	647	189
9 10	246	205
10 9	645	191
10 10	245	206
10 26	2409	75
11 9	644	190
12 10	245	206
13 9	645	191
13 10	244	207
14 9	645	191
14 10	243	200
15 9	647	189
15 10	243	200
15 26	2409	75
16 9	647	189
16 10	242	201
17 9	648	178
17 10	241	202
18 9	650	176
18 10	241	202
19 9	651	177
19 10	240	203
21 9	653	183
21 10	240	203
22 9	655	181
22 10	240	203
23 9	655	181
23 10	240	203
24 9	655	181
24 10	240	203
25 9	655	181
25 10	239	212
25 26	2409	75
26 9	655	181
26 10	239	212
27 9	656	170
27 10	239	212
28 9	658	168
28 10	239	212
30 9	660	174
30 10	239	212
30 26	2409	75
31 9	660	174
31 10	240	203
32 9	660	174
32 10	240	203
33 9	660	174
33 10	240	203
34 9	660	174
34 10	241	202
35 9	661	175
35 10	240	203
35 26	2409	75
36 9	661	175
36 10	240	203
38 9	661	175
38 10	240	203
39 9	662	172
39 10	240	203
40 9	662	172
40 10	240	203
40 26	2409	75
41 9	661	175
41 10	240	203
42 9	661	175
42 10	241	202
43 9	661	175
43 10	242	201
44 9	659	169
44 10	243	200
45 9	659	169
46 10	243	200
47 9	658	168
47 10	243	200
48 9	657	171
48 10	244	207
49 9	655	181
49 10	244	207
50 9	655	181
50 10	244	207
50 26	2409	75
51 9	654	180
51 10	244	207
52 9	653	183
52 10	245	206
53 9	653	183
53 10	245	206
54 9	653	183
55 10	246	205
55 26	2409	75
56 9	651	177
56 10	246	205
57 9	651	177
57 10	245	206
58 9	651	177
58 10	245	206
59 9	651	177
59 10	245	206
60 9	651	177
60 10	245	206
60 26	2409	75
61 9	650	176
61 10	246	205
63 9	650	176
63 10	246	205
64 9	650	176
64 10	246	205
65 9	649	179
65 10	246	205
65 26	2409	75
66 9	648	178
66 10	246	205
67 9	648	178
67 10	246	205
68 9	648	178
68 10	246	205
69 9	647	189
69 10	247	204
70 9	646	188
70 10	246	205
71 26	2409	75
72 9	646	188
72 10	247	204
73 9	646	188
73 10	247	204
74 9	645	191
74 10	247	204
75 9	645	191
75 10	247	204
75 26	2409	75
76 9	645	191
76 10	247	204
77 9	645	191
77 10	247	204
78 9	645	191
79 10	247	204
80 9	645	191
80 10	246	205
80 26	2409	75
81 9	645	191
81 10	246	205
82 9	646	188
82 10	245	206
83 9	647	189
83 10	246	205
84 9	647	189
84 10	245	206
85 9	649	179
85 10	245	206
85 26	2409	75
87 9	650	176
87 10	245	206
88 9	651	177
88 10	244	207
89 9	651	177
89 10	244	207
90 9	653	183
90 10	244	207
90 26	2409	75
91 9	653	183
91 10	243	200
92 9	655	181
92 10	243	200
93 9	655	181
93 10	242	201
94 9	656	170
94 10	242	201
96 9	656	170
96 10	241	202
97 9	655	181
97 10	242	201
98 9	656	170
98 10	241	202
99 9	656	170
99 10	240	203
100 9	656	170
100 10	240	203
100 26	2409	75
101 9	656	170
101 10	240	203
102 9	657	171
102 10	240	203
103 9	658	168
103 10	240	203
105 9	657	171
105 10	240	203
105 26	2409	75
106 9	656	170
106 10	240	203
107 9	657	171
107 10	240	203
108 9	656	170
108 10	240	203
109 9	656	170
109 10	240	203
110 9	656	170
110 10	240	203
110 26	2409	75
112 9	656	170
112 10	240	203
113 9	658	168
113 10	240	203
114 9	658	168
114 10	240	203
115 9	658	168
115 10	241	202
115 26	2409	75
116 9	658	168
116 10	241	202
117 9	657	171
117 10	242	201
118 9	656	170
118 10	243	200
119 9	656	170
120 10	243	200
120 26	2409	75
121 9	655	181
121 10	243	200
122 9	655	181
122 10	243	200
123 9	654	180
123 10	242	201
124 9	654	180
124 10	242	201
125 9	654	180
125 10	241	202
125 26	2409	75
126 9	655	181
126 10	240	203
128 9	656	170
128 10	239	212
129 9	658	168
129 10	239	212
130 9	660	174
130 10	238	213
130 26	2409	75
131 9	661	175
131 10	238	213
132 9	662	172
132 10	238	213
133 9	662	172
133 10	238	213
134 9	661	175
134 10	239	212
136 9	661	175
136 10	240	203
137 9	661	175
137 10	240	203
138 9	661	175
138 10	241	202
139 9	660	174
139 10	241	202
140 9	660	174
140 10	241	202
140 26	2409	75
141 9	658	168
141 10	242	201
142 9	658	168
142 10	242	201
143 9	656	170
144 10	242	201
145 9	656	170
145 10	242	201
145 26	2409	75
146 9	655	181
146 10	242	201
147 9	654	180
147 10	242	201
148 9	653	183
148 10	241	202
149 9	653	183
149 10	242	201
150 9	653	183
150 10	241	202
151 26	2409	75
152 9	655	181
152 10	241	202
153 9	654	180
153 10	241	202
154 9	655	181
154 10	240	203
155 9	656	170
155 10	240	203
155 26	2409	75
156 9	657	171
156 10	240	203
157 9	658	168
157 10	240	203
158 9	658	168
158 10	240	203
160 9	658	168
160 10	240	203
160 26	2409	75
161 9	658	168
161 10	240	203
162 9	659	169
162 10	240	203
163 9	659	169
163 10	240	203
164 9	659	169
164 10	240	203
165 9	659	169
165 10	240	203
165 26	2409	75
166 9	658	168
167 10	241	202
168 9	656	170
168 10	241	202
169 9	656	170
169 10	242	201
170 9	655	181
170 10	242	201
170 26	2409	75
171 9	654	180
171 10	242	201
172 9	653	183
172 10	242	201
173 9	653	183
173 10	242	201
174 9	651	177
174 10	243	200
175 26	2409	75
176 9	651	177
176 10	243	200
177 9	651	177
177 10	243	200
178 9	651	177
178 10	242	201
179 9	651	177
179 10	241	202
180 9	653	183
180 10	241	202
180 26	2409	75
181 9	654	180
181 10	241	202
183 9	656	170
183 10	241	202
184 9	656	170
184 10	241	202
185 9	656	170
185 10	241	202
185 26	2409	75
186 9	655	181
186 10	241	202
187 9	656	170
187 10	241	202
188 9	656	170
188 10	241	202
189 9	656	170
189 10	240	203
190 9	655	181
191 10	241	202
192 9	656	170
192 10	242	201
193 9	655	181
193 10	242	201
194 9	655	181
194 10	243	200
195 9	654	180
195 10	243	200
195 26	2409	75
196 9	654	180
196 10	243	200
197 9	653	183
197 10	243	200
198 9	653	183
198 10	243	200
200 9	652	182
200 10	243	200
200 26	2409	75
201 9	652	182
201 10	244	207
202 9	654	180
202 10	243	200
203 9	655	181
203 10	244	207
204 9	656	170
204 10	244	207
205 9	656	170
205 10	245	206
205 26	2409	75
207 9	656	170
207 10	244	207
208 9	657	171
208 10	245	206
209 9	657	171
209 10	244	207
210 9	657	171
210 10	244	207
210 26	2409	75
211 9	656	170
211 10	244	207
212 9	655	181
212 10	243	200
213 9	653	183
213 10	242	201
214 9	653	183
215 10	240	203
215 26	2409	75
216 9	654	180
216 10	240	203
217 9	655	181
217 10	240	203
218 9	655	181
218 10	240	203
219 9	655	181
219 10	240	203
220 9	655	181
220 10	240	203
220 26	2409	75
221 9	656	170
221 10	240	203
223 9	656	170
223 10	240	203
224 9	656	170
224 10	240	203
225 9	656	170
225 10	241	202
225 26	2409	75
226 9	656	170
226 10	242	201
227 9	656	170
227 10	242	201
228 9	656	170
228 10	242	201
229 9	656	170
229 10	241	202
231 9	655	181
231 10	242	201
232 9	656	170
232 10	241	202
233 9	657	171
233 10	241	202
234 9	658	168
234 10	241	202
235 9	660	174
235 10	241	202
235 26	2409	75
236 9	671	165
236 10	242	201
237 9	681	147
237 10	242	201
238 9	681	147
239 10	242	201
240 9	679	157
240 10	241	202
240 26	2409	75
241 9	678	156
241 10	241	202
242 9	678	156
242 10	240	203
243 9	679	157
243 10	240	203
244 9	680	146
244 10	239	212
245 9	678	156
245 10	239	212
246 26	2409	75
247 9	680	146
247 10	240	203
248 9	680	146
248 10	239	212
249 9	678	156
249 10	239	212
250 9	678	156
250 10	238	213
250 26	2409	75
251 9	678	156
251 10	237	214
252 9	681	147
252 10	238	213
253 9	684	150
253 10	238	213
1 9	683	145
1 10	239	212
2 9	684	150
2 10	239	212
3 9	685	151
3 10	239	212
4 9	683	145
4 10	238	213
5 9	684	150
5 10	238	213
5 26	2409	75
6 9	682	144
6 10	239	212
7 9	681	147
7 10	239	212
8 9	683	145
8 10	239	212
9 9	685	151
10 10	238	213
10 26	2409	75
11 9	685	151
11 10	239	212
12 9	686	148
12 10	239	212
13 9	690	136
13 10	240	203
14 9	692	142
14 10	240	203
15 9	689	139
15 10	240	203
15 26	2409	75
16 9	683	145
16 10	240	203
17 9	678	156
18 10	240	203
19 9	675	153
19 10	241	202
20 9	672	154
20 10	241	202
20 26	2409	75
21 9	669	167
21 10	240	203
Wed 25 Jan 2023 11:50:21 AM NZDT
√
7 0	0	49
0 9	691	137
0 10	242	201
0 26	2409	75
1 9	689	139
1 10	242	201
2 9	688	138
2 10	242	201
4 9	686	148
4 10	243	200
5 9	686	148
5 10	243	200
5 26	2409	75
6 9	684	150
6 10	243	200
7 9	682	144
7 10	243	200
8 9	681	147
8 10	244	207
9 9	679	157
9 10	243	200
10 9	678	156
10 10	243	200
10 26	2409	75
11 9	678	156
12 10	243	200
13 9	676	158
13 10	243	200
14 9	676	158
14 10	242	201
15 9	676	158
15 10	242	201
15 26	2409	75
16 9	675	153
16 10	243	200
17 9	676	158
17 10	243	200
69 9	676	158
69 10	244	207
70 9	678	156
70 10	245	206
71 26	2409	75
72 9	679	157
72 10	245	206
73 9	678	156
73 10	245	206
74 9	677	159
74 10	245	206
75 9	676	158
75 10	245	206
75 26	2409	75
76 9	676	158
76 10	245	206
77 9	674	152
77 10	245	206
78 9	675	153
79 10	244	207
80 9	673	155
80 10	244	207
80 26	2409	75
81 9	674	152
81 10	244	207
82 9	674	152
82 10	244	207
83 9	674	152
83 10	244	207
84 9	675	153
84 10	245	206
85 9	674	152
85 10	245	206
85 26	2409	75
87 9	673	155
87 10	245	206
88 9	673	155
88 10	245	206
89 9	671	165
89 10	245	206
90 9	671	165
90 10	246	205
90 26	2409	75
91 9	671	165
91 10	246	205
92 9	670	164
92 10	246	205
93 9	669	167
93 10	246	205
94 9	668	166
94 10	246	205
96 9	668	166
96 10	246	205
20 9	668	166
20 10	246	205
20 26	2409	75
21 9	667	161
21 10	246	205
131 9	631	77
131 10	256	58
132 9	631	77
132 10	255	196
133 9	630	76
133 10	256	58
134 9	630	76
134 10	255	196
135 9	629	79
135 10	256	58
135 26	2409	75
136 9	628	78
137 10	256	58
138 9	628	78
138 10	256	58
139 9	627	73
139 10	256	58
Wed 25 Jan 2023 01:40:29 PM NZDT

162 9	626	72
162 10	256	58
163 9	626	72
163 10	256	58
164 9	625	75
164 10	256	58
165 9	625	75
165 10	256	58
165 26	2409	75
166 9	625	75
166 10	256	58
167 9	627	73
167 10	256	58
168 9	628	78
168 10	256	58
170 9	628	78
170 10	256	58
170 26	2409	75
171 9	628	78
171 10	256	58
172 9	628	78
172 10	256	58
173 9	631	77
173 10	256	58
174 9	632	66
174 10	256	58
175 9	632	66
175 10	256	58
175 26	2409	75
177 9	631	77
177 10	256	58
178 9	631	77
178 10	256	58
179 9	631	77
179 10	256	58
180 9	630	76
180 10	256	58
180 26	2409	75
181 9	630	76
181 10	256	58
182 9	628	78
182 10	255	196
Wed 25 Jan 2023 01:54:11 PM NZDT

127 9	621	87
127 10	258	56
128 9	620	86
128 10	257	59
129 9	619	81
129 10	258	56
130 9	618	80
130 10	257	59
130 26	2409	75
131 9	618	80
132 10	257	59
133 9	618	80
133 10	257	59
134 9	617	83
134 10	256	58
135 9	618	80
135 10	256	58
135 26	2409	75
136 9	618	80
136 10	256	58
137 9	618	80
137 10	256	58
138 9	620	86
138 10	256	58
139 9	620	86
139 10	256	58
141 9	620	86
141 10	257	59
142 9	620	86
142 10	256	58
143 9	619	81
143 10	256	58
144 9	620	86
144 10	257	59
145 9	620	86
145 10	257	59
145 26	2409	75
146 9	621	87
146 10	256	58
147 9	621	87
147 10	257	59
149 9	621	87
149 10	257	59
150 9	621	87
150 10	257	59
150 26	2409	75